<?xml version="1.0" encoding="UTF-8"?>
<testsuite xmlns:xsi="http://www.w3.org/2001/XMLSchema-instance" xsi:schemaLocation="https://maven.apache.org/surefire/maven-surefire-plugin/xsd/surefire-test-report.xsd" name="TestSuite" time="43.142" tests="5" errors="0" skipped="0" failures="5">
  <properties>
[...]
</properties>
  <testcase name="checkLinkedInSearchFunctionality" classname="LinkedinMainLoginTests" time="0.021">
    <failure message="Login page is not loaded expected [true] but found [false]" type="java.lang.AssertionError">java.lang.AssertionError: Login page is not loaded expected [true] but found [false]
	at LinkedinMainLoginTests.checkLinkedInSearchFunctionality(LinkedinMainLoginTests.java:89)
</failure>
    <system-err><![CDATA[SLF4J: Failed to load class "org.slf4j.impl.StaticLoggerBinder".
SLF4J: Defaulting to no-operation (NOP) logger implementation
SLF4J: See http://www.slf4j.org/codes.html#StaticLoggerBinder for further details.
Starting ChromeDriver 86.0.4240.22 (398b0743353ff36fb1b82468f63a3a93b4e2e89e-refs/branch-heads/4240@{#378}) on port 41482
Only local connections are allowed.
Please see https://chromedriver.chromium.org/security-considerations for suggestions on keeping ChromeDriver safe.
ChromeDriver was started successfully.
??? 21, 2020 10:18:29 PM org.openqa.selenium.remote.ProtocolHandshake createSession
INFO: Detected dialect: W3C
]]></system-err>
  </testcase>
  <testcase name="checkSuccessfulLoginToLinkedin" classname="LinkedinMainLoginTests" time="0.018">
    <failure message="Login page is not loaded expected [true] but found [false]" type="java.lang.AssertionError">java.lang.AssertionError: Login page is not loaded expected [true] but found [false]
	at LinkedinMainLoginTests.checkSuccessfulLoginToLinkedin(LinkedinMainLoginTests.java:60)
</failure>
    <system-err><![CDATA[Starting ChromeDriver 86.0.4240.22 (398b0743353ff36fb1b82468f63a3a93b4e2e89e-refs/branch-heads/4240@{#378}) on port 28011
Only local connections are allowed.
Please see https://chromedriver.chromium.org/security-considerations for suggestions on keeping ChromeDriver safe.
ChromeDriver was started successfully.
??? 21, 2020 10:18:38 PM org.openqa.selenium.remote.ProtocolHandshake createSession
INFO: Detected dialect: W3C
]]></system-err>
  </testcase>
  <testcase name="emptyUserEmailAndUserPasswordTest" classname="LinkedinMainLoginTests" time="0.013">
    <failure message="Login page is not loaded expected [true] but found [false]" type="java.lang.AssertionError">java.lang.AssertionError: Login page is not loaded expected [true] but found [false]
	at LinkedinMainLoginTests.emptyUserEmailAndUserPasswordTest(LinkedinMainLoginTests.java:118)
</failure>
    <system-err><![CDATA[Starting ChromeDriver 86.0.4240.22 (398b0743353ff36fb1b82468f63a3a93b4e2e89e-refs/branch-heads/4240@{#378}) on port 26840
Only local connections are allowed.
Please see https://chromedriver.chromium.org/security-considerations for suggestions on keeping ChromeDriver safe.
ChromeDriver was started successfully.
??? 21, 2020 10:18:46 PM org.openqa.selenium.remote.ProtocolHandshake createSession
INFO: Detected dialect: W3C
]]></system-err>
  </testcase>
  <testcase name="negativeLoginTest" classname="LinkedinMainLoginTests" time="0.009">
    <failure message="Login page is not loaded expected [true] but found [false]" type="java.lang.AssertionError">java.lang.AssertionError: Login page is not loaded expected [true] but found [false]
	at LinkedinMainLoginTests.negativeLoginTest(LinkedinMainLoginTests.java:146)
</failure>
    <system-err><![CDATA[Starting ChromeDriver 86.0.4240.22 (398b0743353ff36fb1b82468f63a3a93b4e2e89e-refs/branch-heads/4240@{#378}) on port 8827
Only local connections are allowed.
Please see https://chromedriver.chromium.org/security-considerations for suggestions on keeping ChromeDriver safe.
ChromeDriver was started successfully.
??? 21, 2020 10:18:54 PM org.openqa.selenium.remote.ProtocolHandshake createSession
INFO: Detected dialect: W3C
]]></system-err>
  </testcase>
  <testcase name="checkLinkedInSearchFunctionality" classname="LinkedinSearchTest" time="0.012">
    <failure message="Login page is not loaded expected [true] but found [false]" type="java.lang.AssertionError">java.lang.AssertionError: Login page is not loaded expected [true] but found [false]
	at LinkedinSearchTest.checkLinkedInSearchFunctionality(LinkedinSearchTest.java:29)
</failure>
    <system-err><![CDATA[Starting ChromeDriver 86.0.4240.22 (398b0743353ff36fb1b82468f63a3a93b4e2e89e-refs/branch-heads/4240@{#378}) on port 37160
Only local connections are allowed.
Please see https://chromedriver.chromium.org/security-considerations for suggestions on keeping ChromeDriver safe.
ChromeDriver was started successfully.
??? 21, 2020 10:19:02 PM org.openqa.selenium.remote.ProtocolHandshake createSession
INFO: Detected dialect: W3C
]]></system-err>
  </testcase>
</testsuite>