<?xml version="1.0" encoding="UTF-8"?>
<!-- Generated by org.testng.reporters.JUnitXMLReporter -->
<testsuite hostname="UA1286" tests="1" failures="1" timestamp="21 Oct 2020 19:19:07 GMT" time="8.089" errors="0">
  <testcase name="checkLinkedInSearchFunctionality" time="0.011" classname="LinkedinSearchTest">
    <failure type="java.lang.AssertionError" message="Login page is not loaded expected [true] but found [false]">
      <![CDATA[java.lang.AssertionError: Login page is not loaded expected [true] but found [false]
	at LinkedinSearchTest.checkLinkedInSearchFunctionality(LinkedinSearchTest.java:29)
	at org.apache.maven.surefire.testng.TestNGExecutor.run(TestNGExecutor.java:281)
	at org.apache.maven.surefire.testng.TestNGXmlTestSuite.execute(TestNGXmlTestSuite.java:75)
	at org.apache.maven.surefire.testng.TestNGProvider.invoke(TestNGProvider.java:121)
	at org.apache.maven.surefire.booter.ForkedBooter.invokeProviderInSameClassLoader(ForkedBooter.java:290)
	at org.apache.maven.surefire.booter.ForkedBooter.runSuitesInProcess(ForkedBooter.java:242)
	at org.apache.maven.surefire.booter.ForkedBooter.main(ForkedBooter.java:121)
... Removed 24 stack frames]]>
    </failure>
  </testcase> <!-- checkLinkedInSearchFunctionality -->
</testsuite>
